# JRE version: Java(TM) SE Runtime Environment 18.9 (11.0.10+8) (build 11.0.10+8-LTS-162)
# Java VM: Java HotSpot(TM) 64-Bit Server VM 18.9 (11.0.10+8-LTS-162, mixed mode, tiered, compressed oops, g1 gc, bsd-amd64)
Heap:
 garbage-first heap   total 157696K, used 57020K [0x0000000780000000, 0x0000000800000000)
  region size 1024K, 48 young (49152K), 9 survivors (9216K)
 Metaspace       used 47745K, capacity 49070K, committed 49328K, reserved 1091584K
  class space    used 6105K, capacity 6638K, committed 6656K, reserved 1048576K
GC Heap History (10 events):
Event: 2.619 GC heap before
{Heap before GC invocations=2 (full 0):
 garbage-first heap   total 131072K, used 26132K [0x0000000780000000, 0x0000000800000000)
  region size 1024K, 20 young (20480K), 2 survivors (2048K)
 Metaspace       used 20568K, capacity 21141K, committed 21296K, reserved 1069056K
  class space    used 2387K, capacity 2613K, committed 2688K, reserved 1048576K
}
Event: 2.625 GC heap after
{Heap after GC invocations=3 (full 0):
 garbage-first heap   total 131072K, used 9282K [0x0000000780000000, 0x0000000800000000)
  region size 1024K, 2 young (2048K), 2 survivors (2048K)
 Metaspace       used 20568K, capacity 21141K, committed 21296K, reserved 1069056K
  class space    used 2387K, capacity 2613K, committed 2688K, reserved 1048576K
}
Event: 3.315 GC heap before
{Heap before GC invocations=4 (full 0):
 garbage-first heap   total 131072K, used 66626K [0x0000000780000000, 0x0000000800000000)
  region size 1024K, 59 young (60416K), 2 survivors (2048K)
 Metaspace       used 26770K, capacity 27608K, committed 27952K, reserved 1073152K
  class space    used 3289K, capacity 3629K, committed 3712K, reserved 1048576K
}
Event: 3.327 GC heap after
{Heap after GC invocations=5 (full 0):
 garbage-first heap   total 131072K, used 11373K [0x0000000780000000, 0x0000000800000000)
  region size 1024K, 4 young (4096K), 4 survivors (4096K)
 Metaspace       used 26770K, capacity 27608K, committed 27952K, reserved 1073152K
  class space    used 3289K, capacity 3629K, committed 3712K, reserved 1048576K
}
Event: 4.161 GC heap before
{Heap before GC invocations=5 (full 0):
 garbage-first heap   total 131072K, used 76909K [0x0000000780000000, 0x0000000800000000)
  region size 1024K, 69 young (70656K), 4 survivors (4096K)
 Metaspace       used 29834K, capacity 30810K, committed 31024K, reserved 1077248K
  class space    used 3737K, capacity 4144K, committed 4224K, reserved 1048576K
}
Event: 4.171 GC heap after
{Heap after GC invocations=6 (full 0):
 garbage-first heap   total 131072K, used 12840K [0x0000000780000000, 0x0000000800000000)
  region size 1024K, 6 young (6144K), 6 survivors (6144K)
 Metaspace       used 29834K, capacity 30810K, committed 31024K, reserved 1077248K
  class space    used 3737K, capacity 4144K, committed 4224K, reserved 1048576K
}
Event: 4.885 GC heap before
{Heap before GC invocations=6 (full 0):
 garbage-first heap   total 131072K, used 54824K [0x0000000780000000, 0x0000000800000000)
  region size 1024K, 48 young (49152K), 6 survivors (6144K)
 Metaspace       used 34507K, capacity 35693K, committed 35888K, reserved 1081344K
  class space    used 4420K, capacity 4891K, committed 4992K, reserved 1048576K
}
Event: 4.899 GC heap after
{Heap after GC invocations=7 (full 0):
 garbage-first heap   total 157696K, used 15588K [0x0000000780000000, 0x0000000800000000)
  region size 1024K, 7 young (7168K), 7 survivors (7168K)
 Metaspace       used 34507K, capacity 35693K, committed 35888K, reserved 1081344K
  class space    used 4420K, capacity 4891K, committed 4992K, reserved 1048576K
}
Event: 5.513 GC heap before
{Heap before GC invocations=8 (full 0):
 garbage-first heap   total 157696K, used 101604K [0x0000000780000000, 0x0000000800000000)
  region size 1024K, 92 young (94208K), 7 survivors (7168K)
 Metaspace       used 41612K, capacity 42920K, committed 43440K, reserved 1087488K
  class space    used 5246K, capacity 5785K, committed 5888K, reserved 1048576K
}
Event: 5.531 GC heap after
{Heap after GC invocations=9 (full 0):
 garbage-first heap   total 157696K, used 18108K [0x0000000780000000, 0x0000000800000000)
  region size 1024K, 9 young (9216K), 9 survivors (9216K)
 Metaspace       used 41612K, capacity 42920K, committed 43440K, reserved 1087488K
  class space    used 5246K, capacity 5785K, committed 5888K, reserved 1048576K
}

